20.09.2013 06:11:04 : [BP] bp_gallplus_screen_visibility : Array
(
    [groups] => Array
        (
            [0] => Array
                (
                    [name] => group1
                    [id] => 1
                )

            [1] => Array
                (
                    [name] => Nature
                    [id] => 2
                )

        )

)

20.09.2013 06:14:37 : [BP] bp_gallplus_screen_visibility : Array
(
    [groups] => Array
        (
            [0] => Array
                (
                    [name] => group1
                    [id] => 1
                )

            [1] => Array
                (
                    [name] => Nature
                    [id] => 2
                )

        )

)

